<?xml version="1.0" encoding="UTF-8"?>
<testng-results skipped="0" failed="0" ignored="0" total="1" passed="1">
  <reporter-output>
  </reporter-output>
  <suite name="Suite" duration-ms="592" started-at="2020-09-06T12:01:54 IST" finished-at="2020-09-06T12:01:55 IST">
    <groups>
      <group name="cucumber">
        <method signature="AbstractTestNGCucumberTests.feature(cucumber.api.testng.CucumberFeatureWrapper)[pri:0, instance:CucumberOptions.TestRunner@290d210d]" name="feature" class="cucumber.api.testng.AbstractTestNGCucumberTests"/>
      </group> <!-- cucumber -->
    </groups>
    <test name="base" duration-ms="592" started-at="2020-09-06T12:01:54 IST" finished-at="2020-09-06T12:01:55 IST">
      <class name="CucumberOptions.TestRunner">
        <test-method status="PASS" signature="setUpClass()[pri:0, instance:CucumberOptions.TestRunner@290d210d]" name="setUpClass" is-config="true" duration-ms="335" started-at="2020-09-06T12:01:54 IST" finished-at="2020-09-06T12:01:55 IST">
          <reporter-output>
          </reporter-output>
        </test-method> <!-- setUpClass -->
        <test-method status="PASS" signature="feature(cucumber.api.testng.CucumberFeatureWrapper)[pri:0, instance:CucumberOptions.TestRunner@290d210d]" name="feature" duration-ms="22" started-at="2020-09-06T12:01:55 IST" description="Runs Cucumber Feature" data-provider="features" finished-at="2020-09-06T12:01:55 IST">
          <params>
            <param index="0">
              <value>
                <![CDATA[Application login]]>
              </value>
            </param>
          </params>
          <reporter-output>
          </reporter-output>
        </test-method> <!-- feature -->
        <test-method status="PASS" signature="tearDownClass()[pri:0, instance:CucumberOptions.TestRunner@290d210d]" name="tearDownClass" is-config="true" duration-ms="12" started-at="2020-09-06T12:01:55 IST" finished-at="2020-09-06T12:01:55 IST">
          <reporter-output>
          </reporter-output>
        </test-method> <!-- tearDownClass -->
      </class> <!-- CucumberOptions.TestRunner -->
    </test> <!-- base -->
  </suite> <!-- Suite -->
</testng-results>
