<?xml version="1.0" encoding="UTF-8"?>
<testng-results skipped="0" failed="0" ignored="0" total="1" passed="1">
  <reporter-output>
  </reporter-output>
  <suite name="Default suite" duration-ms="345" started-at="2020-09-06T12:37:11 IST" finished-at="2020-09-06T12:37:11 IST">
    <groups>
      <group name="cucumber">
        <method signature="AbstractTestNGCucumberTests.feature(cucumber.api.testng.CucumberFeatureWrapper)[pri:0, instance:CucumberOptions.TestRunner@15d0c81b]" name="feature" class="cucumber.api.testng.AbstractTestNGCucumberTests"/>
      </group> <!-- cucumber -->
    </groups>
    <test name="Default test" duration-ms="345" started-at="2020-09-06T12:37:11 IST" finished-at="2020-09-06T12:37:11 IST">
      <class name="CucumberOptions.TestRunner">
        <test-method status="PASS" signature="setUpClass()[pri:0, instance:CucumberOptions.TestRunner@15d0c81b]" name="setUpClass" is-config="true" duration-ms="226" started-at="2020-09-06T12:37:11 IST" finished-at="2020-09-06T12:37:11 IST">
          <reporter-output>
          </reporter-output>
        </test-method> <!-- setUpClass -->
        <test-method status="PASS" signature="feature(cucumber.api.testng.CucumberFeatureWrapper)[pri:0, instance:CucumberOptions.TestRunner@15d0c81b]" name="feature" duration-ms="8" started-at="2020-09-06T12:37:11 IST" description="Runs Cucumber Feature" data-provider="features" finished-at="2020-09-06T12:37:11 IST">
          <params>
            <param index="0">
              <value>
                <![CDATA[Application login]]>
              </value>
            </param>
          </params>
          <reporter-output>
          </reporter-output>
        </test-method> <!-- feature -->
        <test-method status="PASS" signature="tearDownClass()[pri:0, instance:CucumberOptions.TestRunner@15d0c81b]" name="tearDownClass" is-config="true" duration-ms="13" started-at="2020-09-06T12:37:11 IST" finished-at="2020-09-06T12:37:11 IST">
          <reporter-output>
          </reporter-output>
        </test-method> <!-- tearDownClass -->
      </class> <!-- CucumberOptions.TestRunner -->
    </test> <!-- Default test -->
  </suite> <!-- Default suite -->
</testng-results>
